<?xml version="1.0" encoding="UTF-8"?>
<!-- Generated by org.testng.reporters.JUnitXMLReporter -->
<testsuite hostname="LAPTOP-94EP1FIV" ignored="0" name="Test" tests="4" failures="2" timestamp="09 Jul 2020 05:12:20 GMT" time="6.468" errors="0">
  <testcase name="getTest" time="2.978" classname="testCases.TestAPI_001"/>
  <testcase name="getData" time="0.193" classname="testCases.TestAPI_002"/>
  <testcase name="userDataAPITest" time="2.709" classname="testCases.TestAPI_003">
    <failure type="com.fasterxml.jackson.databind.exc.UnrecognizedPropertyException" message="Unrecognized field &amp;quot;profile_image&amp;quot; (class pojoClass.EmpDetails), not marked as ignorable (5 known properties: &amp;quot;id&amp;quot;, &amp;quot;employee_name&amp;quot;, &amp;quot;profile_img&amp;quot;, &amp;quot;employee_age&amp;quot;, &amp;quot;employee_salary&amp;quot;])
 at [Source: (String)&amp;quot;{&amp;quot;status&amp;quot;:&amp;quot;success&amp;quot;,&amp;quot;data&amp;quot;:[{&amp;quot;id&amp;quot;:&amp;quot;1&amp;quot;,&amp;quot;employee_name&amp;quot;:&amp;quot;Tiger Nixon&amp;quot;,&amp;quot;employee_salary&amp;quot;:&amp;quot;320800&amp;quot;,&amp;quot;employee_age&amp;quot;:&amp;quot;61&amp;quot;,&amp;quot;profile_image&amp;quot;:&amp;quot;&amp;quot;},{&amp;quot;id&amp;quot;:&amp;quot;2&amp;quot;,&amp;quot;employee_name&amp;quot;:&amp;quot;Garrett Winters&amp;quot;,&amp;quot;employee_salary&amp;quot;:&amp;quot;170750&amp;quot;,&amp;quot;employee_age&amp;quot;:&amp;quot;63&amp;quot;,&amp;quot;profile_image&amp;quot;:&amp;quot;&amp;quot;},{&amp;quot;id&amp;quot;:&amp;quot;3&amp;quot;,&amp;quot;employee_name&amp;quot;:&amp;quot;Ashton Cox&amp;quot;,&amp;quot;employee_salary&amp;quot;:&amp;quot;86000&amp;quot;,&amp;quot;employee_age&amp;quot;:&amp;quot;66&amp;quot;,&amp;quot;profile_image&amp;quot;:&amp;quot;&amp;quot;},{&amp;quot;id&amp;quot;:&amp;quot;4&amp;quot;,&amp;quot;employee_name&amp;quot;:&amp;quot;Cedric Kelly&amp;quot;,&amp;quot;employee_salary&amp;quot;:&amp;quot;433060&amp;quot;,&amp;quot;employee_age&amp;quot;:&amp;quot;22&amp;quot;,&amp;quot;profile_image&amp;quot;:&amp;quot;&amp;quot;},{&amp;quot;id&amp;quot;:&amp;quot;5&amp;quot;,&amp;quot;employee_name&amp;quot;:&amp;quot;Airi Satou&amp;quot;,&amp;quot;e&amp;quot;[truncated 2149 chars]; line: 1, column: 133] (through reference chain: pojoClass.EmployeeData[&amp;quot;data&amp;quot;]-&amp;gt;java.util.ArrayList[0]-&amp;gt;pojoClass.EmpDetails[&amp;quot;profile_image&amp;quot;])">
      <![CDATA[com.fasterxml.jackson.databind.exc.UnrecognizedPropertyException: Unrecognized field "profile_image" (class pojoClass.EmpDetails), not marked as ignorable (5 known properties: "id", "employee_name", "profile_img", "employee_age", "employee_salary"])
 at [Source: (String)"{"status":"success","data":[{"id":"1","employee_name":"Tiger Nixon","employee_salary":"320800","employee_age":"61","profile_image":""},{"id":"2","employee_name":"Garrett Winters","employee_salary":"170750","employee_age":"63","profile_image":""},{"id":"3","employee_name":"Ashton Cox","employee_salary":"86000","employee_age":"66","profile_image":""},{"id":"4","employee_name":"Cedric Kelly","employee_salary":"433060","employee_age":"22","profile_image":""},{"id":"5","employee_name":"Airi Satou","e"[truncated 2149 chars]; line: 1, column: 133] (through reference chain: pojoClass.EmployeeData["data"]->java.util.ArrayList[0]->pojoClass.EmpDetails["profile_image"])
at com.fasterxml.jackson.databind.exc.UnrecognizedPropertyException.from(UnrecognizedPropertyException.java:61)
at com.fasterxml.jackson.databind.DeserializationContext.handleUnknownProperty(DeserializationContext.java:840)
at com.fasterxml.jackson.databind.deser.std.StdDeserializer.handleUnknownProperty(StdDeserializer.java:1179)
at com.fasterxml.jackson.databind.deser.BeanDeserializerBase.handleUnknownProperty(BeanDeserializerBase.java:1592)
at com.fasterxml.jackson.databind.deser.BeanDeserializerBase.handleUnknownVanilla(BeanDeserializerBase.java:1570)
at com.fasterxml.jackson.databind.deser.BeanDeserializer.vanillaDeserialize(BeanDeserializer.java:294)
at com.fasterxml.jackson.databind.deser.BeanDeserializer.deserialize(BeanDeserializer.java:151)
at com.fasterxml.jackson.databind.deser.std.CollectionDeserializer.deserialize(CollectionDeserializer.java:286)
at com.fasterxml.jackson.databind.deser.std.CollectionDeserializer.deserialize(CollectionDeserializer.java:245)
at com.fasterxml.jackson.databind.deser.std.CollectionDeserializer.deserialize(CollectionDeserializer.java:27)
at com.fasterxml.jackson.databind.deser.impl.MethodProperty.deserializeAndSet(MethodProperty.java:129)
at com.fasterxml.jackson.databind.deser.BeanDeserializer.vanillaDeserialize(BeanDeserializer.java:288)
at com.fasterxml.jackson.databind.deser.BeanDeserializer.deserialize(BeanDeserializer.java:151)
at com.fasterxml.jackson.databind.ObjectMapper._readMapAndClose(ObjectMapper.java:4202)
at com.fasterxml.jackson.databind.ObjectMapper.readValue(ObjectMapper.java:3205)
at com.fasterxml.jackson.databind.ObjectMapper$readValue$2.call(Unknown Source)
at org.codehaus.groovy.runtime.callsite.CallSiteArray.defaultCall(CallSiteArray.java:47)
at org.codehaus.groovy.runtime.callsite.AbstractCallSite.call(AbstractCallSite.java:125)
at org.codehaus.groovy.runtime.callsite.AbstractCallSite.call(AbstractCallSite.java:148)
at io.restassured.internal.path.json.mapping.JsonPathJackson2ObjectDeserializer.deserialize(JsonPathJackson2ObjectDeserializer.groovy:46)
at io.restassured.path.json.mapping.JsonPathObjectDeserializer$deserialize.call(Unknown Source)
at org.codehaus.groovy.runtime.callsite.CallSiteArray.defaultCall(CallSiteArray.java:47)
at org.codehaus.groovy.runtime.callsite.AbstractCallSite.call(AbstractCallSite.java:125)
at org.codehaus.groovy.runtime.callsite.AbstractCallSite.call(AbstractCallSite.java:139)
at io.restassured.internal.mapping.Jackson2Mapper.deserialize(Jackson2Mapper.groovy:58)
at io.restassured.mapper.ObjectMapper$deserialize$0.call(Unknown Source)
at org.codehaus.groovy.runtime.callsite.CallSiteArray.defaultCall(CallSiteArray.java:47)
at org.codehaus.groovy.runtime.callsite.AbstractCallSite.call(AbstractCallSite.java:125)
at org.codehaus.groovy.runtime.callsite.AbstractCallSite.call(AbstractCallSite.java:139)
at io.restassured.internal.mapping.ObjectMapping.parseWithJackson2(ObjectMapping.groovy:238)
at io.restassured.internal.mapping.ObjectMapping$parseWithJackson2$1.callStatic(Unknown Source)
at org.codehaus.groovy.runtime.callsite.CallSiteArray.defaultCallStatic(CallSiteArray.java:55)
at org.codehaus.groovy.runtime.callsite.AbstractCallSite.callStatic(AbstractCallSite.java:217)
at org.codehaus.groovy.runtime.callsite.AbstractCallSite.callStatic(AbstractCallSite.java:240)
at io.restassured.internal.mapping.ObjectMapping.deserialize(ObjectMapping.groovy:59)
at io.restassured.internal.mapping.ObjectMapping$deserialize$0.call(Unknown Source)
at org.codehaus.groovy.runtime.callsite.CallSiteArray.defaultCall(CallSiteArray.java:47)
at org.codehaus.groovy.runtime.callsite.AbstractCallSite.call(AbstractCallSite.java:125)
at io.restassured.internal.RestAssuredResponseOptionsGroovyImpl.as(RestAssuredResponseOptionsGroovyImpl.groovy:226)
at io.restassured.internal.RestAssuredResponseOptionsImpl.as(RestAssuredResponseOptionsImpl.java:169)
at testCases.TestAPI_003.userDataAPITest(TestAPI_003.java:35)
... Removed 25 stack frames]]>
    </failure>
  </testcase> <!-- userDataAPITest -->
  <testcase name="getWeatherAPIReport" time="0.556" classname="testCases.TestAPI_004">
    <failure type="java.lang.AssertionError" message="1 expectation failed.
Expected status code &amp;lt;200&amp;gt; but was &amp;lt;404&amp;gt;.
">
      <![CDATA[java.lang.AssertionError: 1 expectation failed.
Expected status code <200> but was <404>.

at org.codehaus.groovy.runtime.callsite.ConstructorSite$ConstructorSiteNoUnwrap.callConstructor(ConstructorSite.java:84)
at org.codehaus.groovy.runtime.callsite.CallSiteArray.defaultCallConstructor(CallSiteArray.java:59)
at org.codehaus.groovy.runtime.callsite.AbstractCallSite.callConstructor(AbstractCallSite.java:263)
at org.codehaus.groovy.runtime.callsite.AbstractCallSite.callConstructor(AbstractCallSite.java:277)
at io.restassured.internal.ResponseSpecificationImpl$HamcrestAssertionClosure.validate(ResponseSpecificationImpl.groovy:493)
at io.restassured.internal.ResponseSpecificationImpl$HamcrestAssertionClosure$validate$1.call(Unknown Source)
at io.restassured.internal.ResponseSpecificationImpl.validateResponseIfRequired(ResponseSpecificationImpl.groovy:674)
at org.codehaus.groovy.runtime.callsite.PlainObjectMetaMethodSite.doInvoke(PlainObjectMetaMethodSite.java:43)
at org.codehaus.groovy.runtime.callsite.PogoMetaMethodSite$PogoCachedMethodSiteNoUnwrapNoCoerce.invoke(PogoMetaMethodSite.java:193)
at org.codehaus.groovy.runtime.callsite.PogoMetaMethodSite.callCurrent(PogoMetaMethodSite.java:61)
at org.codehaus.groovy.runtime.callsite.AbstractCallSite.callCurrent(AbstractCallSite.java:185)
at io.restassured.internal.ResponseSpecificationImpl.statusCode(ResponseSpecificationImpl.groovy:126)
at io.restassured.specification.ResponseSpecification$statusCode$0.callCurrent(Unknown Source)
at io.restassured.internal.ResponseSpecificationImpl.statusCode(ResponseSpecificationImpl.groovy:134)
at io.restassured.internal.ValidatableResponseOptionsImpl.statusCode(ValidatableResponseOptionsImpl.java:89)
at io.restassured.internal.ValidatableResponseImpl.super$2$statusCode(ValidatableResponseImpl.groovy)
at groovy.lang.MetaMethod.doMethodInvoke(MetaMethod.java:323)
at groovy.lang.MetaClassImpl.invokeMethod(MetaClassImpl.java:1262)
at org.codehaus.groovy.runtime.ScriptBytecodeAdapter.invokeMethodOnSuperN(ScriptBytecodeAdapter.java:144)
at io.restassured.internal.ValidatableResponseImpl.statusCode(ValidatableResponseImpl.groovy:142)
at io.restassured.internal.ValidatableResponseImpl.statusCode(ValidatableResponseImpl.groovy)
at testCases.TestAPI_004.getWeatherAPIReport(TestAPI_004.java:22)
... Removed 40 stack frames]]>
    </failure>
  </testcase> <!-- getWeatherAPIReport -->
</testsuite> <!-- Test -->
