<?xml version="1.0" encoding="UTF-8"?>
<!-- Generated by org.testng.reporters.JUnitXMLReporter -->
<testsuite hostname="LAPTOP-94EP1FIV" ignored="0" name="Test" tests="4" failures="0" timestamp="09 Jul 2020 07:21:23 GMT" time="5.863" errors="0">
  <testcase name="getTest" time="3.683" classname="testCases.TestAPI_001"/>
  <testcase name="getData" time="0.873" classname="testCases.TestAPI_002"/>
  <testcase name="userDataAPITest" time="0.172" classname="testCases.TestAPI_003"/>
  <testcase name="getAllUsersAPITest" time="1.091" classname="testCases.TestAPI_004"/>
</testsuite> <!-- Test -->
