<?xml version="1.0" encoding="UTF-8"?>
<!-- Generated by org.testng.reporters.JUnitXMLReporter -->
<testsuite hostname="LAPTOP-94EP1FIV" ignored="0" name="Test" tests="4" failures="4" timestamp="09 Jul 2020 05:07:05 GMT" time="0.33" errors="0">
  <testcase name="getTest" time="0.306" classname="testCases.TestAPI_001">
    <failure type="java.lang.NoClassDefFoundError" message="org/apache/commons/logging/LogFactory">
      <![CDATA[java.lang.NoClassDefFoundError: org/apache/commons/logging/LogFactory
at org.apache.http.conn.ssl.AbstractVerifier.<init>(AbstractVerifier.java:61)
at org.apache.http.conn.ssl.AllowAllHostnameVerifier.<init>(AllowAllHostnameVerifier.java:44)
at org.apache.http.conn.ssl.AllowAllHostnameVerifier.<clinit>(AllowAllHostnameVerifier.java:46)
at org.apache.http.conn.ssl.SSLSocketFactory.<clinit>(SSLSocketFactory.java:153)
at io.restassured.config.SSLConfig.<init>(SSLConfig.java:184)
at io.restassured.config.RestAssuredConfig.<init>(RestAssuredConfig.java:41)
at io.restassured.RestAssured.<clinit>(RestAssured.java:421)
at testCases.TestAPI_001.getTest(TestAPI_001.java:20)
Caused by: java.lang.ClassNotFoundException: org.apache.commons.logging.LogFactory
at java.net.URLClassLoader.findClass(URLClassLoader.java:381)
at java.lang.ClassLoader.loadClass(ClassLoader.java:424)
at sun.misc.Launcher$AppClassLoader.loadClass(Launcher.java:338)
at java.lang.ClassLoader.loadClass(ClassLoader.java:357)
... 37 more
... Removed 29 stack frames]]>
    </failure>
  </testcase> <!-- getTest -->
  <testcase name="getData" time="0.0" classname="testCases.TestAPI_002">
    <failure type="java.lang.NoClassDefFoundError" message="Could not initialize class io.restassured.RestAssured">
      <![CDATA[java.lang.NoClassDefFoundError: Could not initialize class io.restassured.RestAssured
at testCases.TestAPI_002.getData(TestAPI_002.java:12)
... Removed 29 stack frames]]>
    </failure>
  </testcase> <!-- getData -->
  <testcase name="userDataAPITest" time="0.0" classname="testCases.TestAPI_003">
    <failure type="java.lang.NoClassDefFoundError" message="Could not initialize class io.restassured.RestAssured">
      <![CDATA[java.lang.NoClassDefFoundError: Could not initialize class io.restassured.RestAssured
at testCases.TestAPI_003.userDataAPITest(TestAPI_003.java:20)
... Removed 29 stack frames]]>
    </failure>
  </testcase> <!-- userDataAPITest -->
  <testcase name="getWeatherAPIReport" time="0.001" classname="testCases.TestAPI_004">
    <failure type="java.lang.NoClassDefFoundError" message="Could not initialize class io.restassured.RestAssured">
      <![CDATA[java.lang.NoClassDefFoundError: Could not initialize class io.restassured.RestAssured
at testCases.TestAPI_004.getWeatherAPIReport(TestAPI_004.java:16)
... Removed 29 stack frames]]>
    </failure>
  </testcase> <!-- getWeatherAPIReport -->
</testsuite> <!-- Test -->
