<?xml version="1.0" encoding="UTF-8"?>
<testsuite xmlns:xsi="http://www.w3.org/2001/XMLSchema-instance" xsi:noNamespaceSchemaLocation="https://maven.apache.org/surefire/maven-surefire-plugin/xsd/surefire-test-report-3.0.xsd" version="3.0" name="TestSuite" time="1.076" tests="4" errors="0" skipped="0" failures="4">
  <properties>
[...]
</properties>
  <testcase name="getTest" classname="testCases.TestAPI_001" time="0.312">
    <failure message="org/apache/commons/logging/LogFactory" type="java.lang.NoClassDefFoundError"><![CDATA[java.lang.NoClassDefFoundError: org/apache/commons/logging/LogFactory
	at testCases.TestAPI_001.getTest(TestAPI_001.java:20)
Caused by: java.lang.ClassNotFoundException: org.apache.commons.logging.LogFactory
	at testCases.TestAPI_001.getTest(TestAPI_001.java:20)
]]></failure>
  </testcase>
  <testcase name="getData" classname="testCases.TestAPI_002" time="0">
    <failure message="Could not initialize class io.restassured.RestAssured" type="java.lang.NoClassDefFoundError"><![CDATA[java.lang.NoClassDefFoundError: Could not initialize class io.restassured.RestAssured
	at testCases.TestAPI_002.getData(TestAPI_002.java:12)
]]></failure>
  </testcase>
  <testcase name="userDataAPITest" classname="testCases.TestAPI_003" time="0">
    <failure message="Could not initialize class io.restassured.RestAssured" type="java.lang.NoClassDefFoundError"><![CDATA[java.lang.NoClassDefFoundError: Could not initialize class io.restassured.RestAssured
	at testCases.TestAPI_003.userDataAPITest(TestAPI_003.java:20)
]]></failure>
  </testcase>
  <testcase name="getWeatherAPIReport" classname="testCases.TestAPI_004" time="0">
    <failure message="Could not initialize class io.restassured.RestAssured" type="java.lang.NoClassDefFoundError"><![CDATA[java.lang.NoClassDefFoundError: Could not initialize class io.restassured.RestAssured
	at testCases.TestAPI_004.getWeatherAPIReport(TestAPI_004.java:16)
]]></failure>
  </testcase>
</testsuite>