<?xml version="1.0" encoding="UTF-8"?>
<testng-results skipped="0" failed="0" ignored="0" total="4" passed="4">
  <reporter-output>
  </reporter-output>
  <suite name="Suite" duration-ms="5863" started-at="2020-07-09T07:21:17Z" finished-at="2020-07-09T07:21:23Z">
    <groups>
    </groups>
    <test name="Test" duration-ms="5863" started-at="2020-07-09T07:21:17Z" finished-at="2020-07-09T07:21:23Z">
      <class name="testCases.TestAPI_004">
        <test-method status="PASS" signature="getAllUsersAPITest()[pri:0, instance:testCases.TestAPI_004@6d4b1c02]" name="getAllUsersAPITest" duration-ms="1091" started-at="2020-07-09T07:21:22Z" finished-at="2020-07-09T07:21:23Z">
          <reporter-output>
          </reporter-output>
        </test-method> <!-- getAllUsersAPITest -->
      </class> <!-- testCases.TestAPI_004 -->
      <class name="testCases.TestAPI_001">
        <test-method status="PASS" signature="getTest()[pri:0, instance:testCases.TestAPI_001@685cb137]" name="getTest" duration-ms="3683" started-at="2020-07-09T07:21:17Z" finished-at="2020-07-09T07:21:21Z">
          <reporter-output>
          </reporter-output>
        </test-method> <!-- getTest -->
      </class> <!-- testCases.TestAPI_001 -->
      <class name="testCases.TestAPI_002">
        <test-method status="PASS" signature="getData()[pri:0, instance:testCases.TestAPI_002@6a41eaa2]" name="getData" duration-ms="873" started-at="2020-07-09T07:21:21Z" finished-at="2020-07-09T07:21:22Z">
          <reporter-output>
          </reporter-output>
        </test-method> <!-- getData -->
      </class> <!-- testCases.TestAPI_002 -->
      <class name="testCases.TestAPI_003">
        <test-method status="PASS" signature="userDataAPITest()[pri:0, instance:testCases.TestAPI_003@7cd62f43]" name="userDataAPITest" duration-ms="172" started-at="2020-07-09T07:21:22Z" finished-at="2020-07-09T07:21:22Z">
          <reporter-output>
          </reporter-output>
        </test-method> <!-- userDataAPITest -->
      </class> <!-- testCases.TestAPI_003 -->
    </test> <!-- Test -->
  </suite> <!-- Suite -->
</testng-results>
