<?xml version="1.0" encoding="UTF-8"?>
<testng-results skipped="0" failed="0" ignored="0" total="1" passed="1">
  <reporter-output>
  </reporter-output>
  <suite name="Default suite" duration-ms="2506" started-at="2020-07-09T05:14:33Z" finished-at="2020-07-09T05:14:36Z">
    <groups>
    </groups>
    <test name="Default test" duration-ms="2506" started-at="2020-07-09T05:14:33Z" finished-at="2020-07-09T05:14:36Z">
      <class name="testCases.TestAPI_004">
        <test-method status="PASS" signature="getAllUsersAPITest()[pri:0, instance:testCases.TestAPI_004@5e3a8624]" name="getAllUsersAPITest" duration-ms="2480" started-at="2020-07-09T05:14:33Z" finished-at="2020-07-09T05:14:36Z">
          <reporter-output>
          </reporter-output>
        </test-method> <!-- getAllUsersAPITest -->
      </class> <!-- testCases.TestAPI_004 -->
    </test> <!-- Default test -->
  </suite> <!-- Default suite -->
</testng-results>
